<?xml version="1.0" encoding="UTF-8" ?>
<testsuite failures="0" time="110.207" errors="0" skipped="0" tests="23" name="org.opentripplanner.api.resource.TestRequest">
  <properties>
[...]
</properties>
  <testcase time="0" classname="org.opentripplanner.api.resource.TestRequest" name="testRequest"/>
  <testcase time="105.34" classname="org.opentripplanner.api.resource.TestRequest" name="testTimedStopToStopTransfer"/>
  <testcase time="0" classname="org.opentripplanner.api.resource.TestRequest" name="testBuildRequest"/>
  <testcase time="0" classname="org.opentripplanner.api.resource.TestRequest" name="testPlanner"/>
  <testcase time="0.186" classname="org.opentripplanner.api.resource.TestRequest" name="testFirstTrip"/>
  <testcase time="0" classname="org.opentripplanner.api.resource.TestRequest" name="testAlerts"/>
  <testcase time="0.14" classname="org.opentripplanner.api.resource.TestRequest" name="testIntermediate"/>
  <testcase time="0.018" classname="org.opentripplanner.api.resource.TestRequest" name="testBikeRental"/>
  <testcase time="0.109" classname="org.opentripplanner.api.resource.TestRequest" name="testMetadata"/>
  <testcase time="0.062" classname="org.opentripplanner.api.resource.TestRequest" name="testPatcher"/>
  <testcase time="0.525" classname="org.opentripplanner.api.resource.TestRequest" name="testRouters"/>
  <testcase time="0.103" classname="org.opentripplanner.api.resource.TestRequest" name="testTransitIndex"/>
  <testcase time="0.005" classname="org.opentripplanner.api.resource.TestRequest" name="testBannedTrips"/>
  <testcase time="0.011" classname="org.opentripplanner.api.resource.TestRequest" name="testBannedStops"/>
  <testcase time="0" classname="org.opentripplanner.api.resource.TestRequest" name="testBannedStopGroup"/>
  <testcase time="1.818" classname="org.opentripplanner.api.resource.TestRequest" name="testBannedStopsHard"/>
  <testcase time="0.504" classname="org.opentripplanner.api.resource.TestRequest" name="testWalkLimitExceeded"/>
  <testcase time="0.218" classname="org.opentripplanner.api.resource.TestRequest" name="testTransferPenalty"/>
  <testcase time="0.216" classname="org.opentripplanner.api.resource.TestRequest" name="testTransferPenalty2"/>
  <testcase time="0.223" classname="org.opentripplanner.api.resource.TestRequest" name="testTripToTripTransfer"/>
  <testcase time="0.104" classname="org.opentripplanner.api.resource.TestRequest" name="testForbiddenTripToTripTransfer"/>
  <testcase time="0.215" classname="org.opentripplanner.api.resource.TestRequest" name="testPreferredTripToTripTransfer"/>
  <testcase time="0.41" classname="org.opentripplanner.api.resource.TestRequest" name="testTimedTripToTripTransfer"/>
</testsuite>